tallyDiaphragmCorrections.F:102:9:

       end
         1
Error: END IF statement expected at (1)
tallyDiaphragmCorrections.F:104:6:

       subroutine DIAPHreport(mode,n,cputim,uncdone)
      1
Error: Unclassifiable statement at (1)
tallyDiaphragmCorrections.F:117:72:

       use DIAPHmod
                                                                        1
Error: Unexpected USE statement at (1)
tallyDiaphragmCorrections.F:118:72:

       use PENELOPE_mod
                                                                        1
Error: Unexpected USE statement at (1)
tallyDiaphragmCorrections.F:119:72:

       use RSEEDcommonMod
                                                                        1
Error: Unexpected USE statement at (1)
tallyDiaphragmCorrections.F:120:19:

       implicit none
                   1
Error: Duplicate IMPLICIT NONE statement at (1)
tallyDiaphragmCorrections.F:121:18:

       integer mode,uncdone
                  1
Error: Symbol ‘mode’ at (1) already has basic type of INTEGER
tallyDiaphragmCorrections.F:122:72:

       real*8 n,cputim
                                                                        1
Error: Unexpected data declaration statement at (1)
tallyDiaphragmCorrections.F:124:15:

       integer i,out,finduf,errorcode
               1
Error: Symbol ‘i’ at (1) already has basic type of INTEGER
tallyDiaphragmCorrections.F:125:72:

       real*8 q,q2,sigma,eff,uncert,invn
                                                                        1
Error: Unexpected data declaration statement at (1)
tallyDiaphragmCorrections.F:130:15:

      ! Correction factors, see Burns and Kessler 2009
               1
Error: Name at (1) is too long
tallyDiaphragmCorrections.F:159:5:

     &    '*********************************************'
     1
Error: Non-numeric character in statement label at (1)
tallyDiaphragmCorrections.F:159:10:

     &    '*********************************************'
          1
Error: Invalid character in name at (1)
tallyDiaphragmCorrections.F:161:5:

     &    'DIAPHreport ERROR: cannot open output data file'
     1
Error: Non-numeric character in statement label at (1)
tallyDiaphragmCorrections.F:161:10:

     &    'DIAPHreport ERROR: cannot open output data file'
          1
Error: Invalid character in name at (1)
tallyDiaphragmCorrections.F:163:5:

     &    '*********************************************'
     1
Error: Non-numeric character in statement label at (1)
tallyDiaphragmCorrections.F:163:10:

     &    '*********************************************'
          1
Error: Invalid character in name at (1)
tallyDiaphragmCorrections.F:169:10:

      write(out,'(a)')
          1
Error: Name at (1) is too long
tallyDiaphragmCorrections.F:171:4:

    & '#>>>>>>>>>>>>>>>>>>>>>>>>>>>>>>>>>>>>>>>>>>>>>>>>>>>>>>>>>>>>'
    1
Error: Non-numeric character in statement label at (1)
tallyDiaphragmCorrections.F:171:6:

    & '#>>>>>>>>>>>>>>>>>>>>>>>>>>>>>>>>>>>>>>>>>>>>>>>>>>>>>>>>>>>>'
      1
Error: Invalid character in name at (1)
tallyDiaphragmCorrections.F:176:4:

    & '#>>>>>>>>>>>>>>>>>>>>>>>>>>>>>>>>>>>>>>>>>>>>>>>>>>>>>>>>>>>>'
    1
Error: Non-numeric character in statement label at (1)
tallyDiaphragmCorrections.F:176:6:

    & '#>>>>>>>>>>>>>>>>>>>>>>>>>>>>>>>>>>>>>>>>>>>>>>>>>>>>>>>>>>>>'
      1
Error: Invalid character in name at (1)
tallyDiaphragmCorrections.F:178:4:

    &   '####   counter   E(eV) :   +-2sig'
    1
Error: Non-numeric character in statement label at (1)
tallyDiaphragmCorrections.F:178:8:

    &   '####   counter   E(eV) :   +-2sig'
        1
Error: Invalid character in name at (1)
tallyDiaphragmCorrections.F:180:5:

     do i=1,maxk ! cycle through the energy deposition counters
     1
Error: Non-numeric character in statement label at (1)
tallyDiaphragmCorrections.F:180:5:

     do i=1,maxk ! cycle through the energy deposition counters
     1
Error: Unclassifiable statement at (1)
tallyDiaphragmCorrections.F:188:4:

    &   i,Edepnames(i),dtr,2.0*sigmadtr
    1
Error: Non-numeric character in statement label at (1)
tallyDiaphragmCorrections.F:188:4:

    &   i,Edepnames(i),dtr,2.0*sigmadtr
    1
Error: Unclassifiable statement at (1)
tallyDiaphragmCorrections.F:189:9:

       enddo
         1
Error: Expecting END IF statement at (1)
tallyDiaphragmCorrections.F:191:4:

    & '#>>>>>>>>>>>>>>>>>>>>>>>>>>>>>>>>>>>>>>>>>>>>>>>>>>>>>>>>>>>>'
    1
Error: Non-numeric character in statement label at (1)
tallyDiaphragmCorrections.F:191:6:

    & '#>>>>>>>>>>>>>>>>>>>>>>>>>>>>>>>>>>>>>>>>>>>>>>>>>>>>>>>>>>>>'
      1
Error: Invalid character in name at (1)
tallyDiaphragmCorrections.F:193:4:

    &   'Sum of specific depositions',edepssum,', fraction of edep',
    1
Error: Non-numeric character in statement label at (1)
tallyDiaphragmCorrections.F:193:8:

    &   'Sum of specific depositions',edepssum,', fraction of edep',
        1
Error: Invalid character in name at (1)
tallyDiaphragmCorrections.F:194:4:

    &   edepssum/(edep(matdet)*invn)
    1
Error: Non-numeric character in statement label at (1)
tallyDiaphragmCorrections.F:194:4:

    &   edepssum/(edep(matdet)*invn)
    1
Error: Unclassifiable statement at (1)
tallyDiaphragmCorrections.F:196:5:

     numer = edepdtr(1)
     1
Error: Non-numeric character in statement label at (1)
tallyDiaphragmCorrections.F:197:5:

     denom = numer + edepdtr(2)
     1
Error: Non-numeric character in statement label at (1)
tallyDiaphragmCorrections.F:198:5:

     Kdfactors(1) = numer / denom
     1
Error: Non-numeric character in statement label at (1)
tallyDiaphragmCorrections.F:199:5:

     numer = denom
     1
Error: Non-numeric character in statement label at (1)
tallyDiaphragmCorrections.F:200:5:

     denom = denom + edepdtr(3)
     1
Error: Non-numeric character in statement label at (1)
tallyDiaphragmCorrections.F:201:5:

     Kdfactors(2) = numer / denom
     1
Error: Non-numeric character in statement label at (1)
tallyDiaphragmCorrections.F:202:5:

     numer = denom
     1
Error: Non-numeric character in statement label at (1)
tallyDiaphragmCorrections.F:203:5:

     denom = denom + edepdtr(4)
     1
Error: Non-numeric character in statement label at (1)
tallyDiaphragmCorrections.F:204:5:

     Kdfactors(3) = numer / denom
     1
Error: Non-numeric character in statement label at (1)
tallyDiaphragmCorrections.F:205:5:

     numer = denom
     1
Error: Non-numeric character in statement label at (1)
tallyDiaphragmCorrections.F:206:5:

     denom = denom + edepdtr(5)
     1
Error: Non-numeric character in statement label at (1)
tallyDiaphragmCorrections.F:207:5:

     Kdfactors(4) = numer / denom
     1
Error: Non-numeric character in statement label at (1)
tallyDiaphragmCorrections.F:208:5:

     numer = denom
     1
Error: Non-numeric character in statement label at (1)
tallyDiaphragmCorrections.F:209:5:

     denom = denom + edepdtr(6)
     1
Error: Non-numeric character in statement label at (1)
tallyDiaphragmCorrections.F:210:5:

     Kdfactors(5) = numer / denom
     1
Error: Non-numeric character in statement label at (1)
tallyDiaphragmCorrections.F:211:5:

     Kdfactors(6) = edepdtr(1) / edep(matdet)
     1
Error: Non-numeric character in statement label at (1)
tallyDiaphragmCorrections.F:214:5:

     sigma = Kdfactors(6) * sqrt((sigmaeprim/edepdtr(1)*invn)**2+
     1
Error: Non-numeric character in statement label at (1)
tallyDiaphragmCorrections.F:214:72:

     sigma = Kdfactors(6) * sqrt((sigmaeprim/edepdtr(1)*invn)**2+
                                                                        1
Error: Syntax error in expression at (1)
tallyDiaphragmCorrections.F:215:4:

    &  (sigmadetmat/edep(matdet)*invn)**2)
    1
Error: Non-numeric character in statement label at (1)
tallyDiaphragmCorrections.F:215:4:

    &  (sigmadetmat/edep(matdet)*invn)**2)
    1
Error: Unclassifiable statement at (1)
tallyDiaphragmCorrections.F:220:4:

    & '#>>>>>>>>>>>>>>>>>>>>>>>>>>>>>>>>>>>>>>>>>>>>>>>>>>>>>>>>>>>>'
    1
Error: Non-numeric character in statement label at (1)
tallyDiaphragmCorrections.F:220:6:

    & '#>>>>>>>>>>>>>>>>>>>>>>>>>>>>>>>>>>>>>>>>>>>>>>>>>>>>>>>>>>>>'
      1
Error: Invalid character in name at (1)
tallyDiaphragmCorrections.F:224:4:

    & '# See Burns and Kessler, Phys. Med. Biol. 2009 for def.s'
    1
Error: Non-numeric character in statement label at (1)
tallyDiaphragmCorrections.F:224:6:

    & '# See Burns and Kessler, Phys. Med. Biol. 2009 for def.s'
      1
Error: Invalid character in name at (1)
tallyDiaphragmCorrections.F:226:4:

    & '#>>>>>>>>>>>>>>>>>>>>>>>>>>>>>>>>>>>>>>>>>>>>>>>>>>>>>>>>>>>>'
    1
Error: Non-numeric character in statement label at (1)
tallyDiaphragmCorrections.F:226:6:

    & '#>>>>>>>>>>>>>>>>>>>>>>>>>>>>>>>>>>>>>>>>>>>>>>>>>>>>>>>>>>>>'
      1
Error: Invalid character in name at (1)
tallyDiaphragmCorrections.F:228:4:

    &   '####   counter   Kfactor'
    1
Error: Non-numeric character in statement label at (1)
tallyDiaphragmCorrections.F:228:8:

    &   '####   counter   Kfactor'
        1
Error: Invalid character in name at (1)
tallyDiaphragmCorrections.F:231:4:

    &   i,Kdfacnames(i),Kdfactors(i)
    1
Error: Non-numeric character in statement label at (1)
tallyDiaphragmCorrections.F:231:4:

    &   i,Kdfacnames(i),Kdfactors(i)
    1
Error: Unclassifiable statement at (1)
tallyDiaphragmCorrections.F:233:10:

      write(out,'(a)')
          1
Error: Syntax error in END DO statement at (1)
tallyDiaphragmCorrections.F:234:4:

    & '#>>>>>>>>>>>>>>>>>>>>>>>>>>>>>>>>>>>>>>>>>>>>>>>>>>>>>>>>>>>>'
    1
Error: Non-numeric character in statement label at (1)
tallyDiaphragmCorrections.F:234:6:

    & '#>>>>>>>>>>>>>>>>>>>>>>>>>>>>>>>>>>>>>>>>>>>>>>>>>>>>>>>>>>>>'
      1
Error: Invalid character in name at (1)
tallyDiaphragmCorrections.F:236:4:

    &  Kdfacnames(maxK),'=',2.0*sigma
    1
Error: Non-numeric character in statement label at (1)
tallyDiaphragmCorrections.F:236:4:

    &  Kdfacnames(maxK),'=',2.0*sigma
    1
Error: Unclassifiable statement at (1)
tallyDiaphragmCorrections.F:239:5:

     close(out)
     1
Error: Non-numeric character in statement label at (1)
tallyDiaphragmCorrections.F:239:5:

     close(out)
     1
Error: Unclassifiable statement at (1)
tallyDiaphragmCorrections.F:240:5:

     end
     1
Error: Non-numeric character in statement label at (1)
tallyDiaphragmCorrections.F:240:5:

     end
     1
Error: Unclassifiable statement at (1)
tallyDiaphragmCorrections.F:242:5:

     subroutine DIAPHinitally(mem)
     1
Error: Non-numeric character in statement label at (1)
tallyDiaphragmCorrections.F:242:5:

     subroutine DIAPHinitally(mem)
     1
Error: Unclassifiable statement at (1)
tallyDiaphragmCorrections.F:256:72:

       use DIAPHmod
                                                                        1
Error: Unexpected USE statement at (1)
tallyDiaphragmCorrections.F:257:72:

       use dataTypesMod
                                                                        1
Error: Unexpected USE statement at (1)
tallyDiaphragmCorrections.F:258:72:

       use PENELOPE_mod, only : maxmat
                                                                        1
Error: Unexpected USE statement at (1)
tallyDiaphragmCorrections.F:259:19:

       implicit none
                   1
Error: Duplicate IMPLICIT NONE statement at (1)
tallyDiaphragmCorrections.F:260:72:

       real*8 mem
                                                                        1
Error: Unexpected data declaration statement at (1)
tallyDiaphragmCorrections.F:262:72:

       character*(*) secid,eos
                                                                        1
Error: Unexpected data declaration statement at (1)
tallyDiaphragmCorrections.F:263:22:

       parameter (secid=
                      1
Error: Symbol ‘secid’ at (1) has no IMPLICIT type
tallyDiaphragmCorrections.F:265:20:

       parameter (eos='[END OF DIAPH SECTION]')
                    1
Error: Symbol ‘eos’ at (1) has no IMPLICIT type
tallyDiaphragmCorrections.F:266:72:

       character*80 buffer,upcase
                                                                        1
Error: Unexpected data declaration statement at (1)
tallyDiaphragmCorrections.F:267:72:

       integer errorcode
                                                                        1
Error: Unexpected data declaration statement at (1)
tallyDiaphragmCorrections.F:287:6:

       buffer = buffer(1:scan(buffer,' ')) ! Clip at 1st blank
      1
Error: Unclassifiable statement at (1)
tallyDiaphragmCorrections.F:336:9:

       end
         1
Error: END DO statement expected at (1)
tallyDiaphragmCorrections.F:338:6:

       subroutine DIAPHdump(mode)
      1
Error: Unclassifiable statement at (1)
tallyDiaphragmCorrections.F:346:72:

       use DIAPHmod
                                                                        1
Error: Unexpected USE statement at (1)
tallyDiaphragmCorrections.F:348:72:

       use dumpMod
                                                                        1
Error: Unexpected USE statement at (1)
tallyDiaphragmCorrections.F:349:19:

       implicit none
                   1
Error: Duplicate IMPLICIT NONE statement at (1)
tallyDiaphragmCorrections.F:350:18:

       integer mode
                  1
Error: Symbol ‘mode’ at (1) already has basic type of INTEGER
tallyDiaphragmCorrections.F:354:72:

         write(dumpfile) edepdtr(1:maxk),edepdtr2(1:maxk),edptmpdiaph(1:maxK)
                                                                        1
Error: Invalid form of array reference at (1)
tallyDiaphragmCorrections.F:357:72:

         read(restartfile) edepdtr(1:maxk),edepdtr2(1:maxk),edptmpdiaph(1:maxK)
                                                                        1
Error: Invalid form of array reference at (1)
tallyDiaphragmCorrections.F:359:9:

       end
         1
Error: END DO statement expected at (1)
penKdiaph.F:47:2:

  #include "tallyFluenceTrackLength.F"
  1
Error: Non-numeric character in statement label at (1)
penKdiaph.F:47:2:

  #include "tallyFluenceTrackLength.F"
  1
Error: Unclassifiable statement at (1)
tallyParticleCurrentSpectrum.F:20:72:

       module PCSmod
                                                                        1
Error: Unexpected MODULE statement at (1)
tallyParticleCurrentSpectrum.F:24:19:

       implicit none
                   1
Error: Duplicate IMPLICIT NONE statement at (1)
tallyParticleCurrentSpectrum.F:25:72:

       save
                                                                        1
Error: Unexpected attribute declaration statement at (1)
tallyParticleCurrentSpectrum.F:26:72:

       logical active
                                                                        1
Error: Unexpected data declaration statement at (1)
tallyParticleCurrentSpectrum.F:27:20:

       integer matdet,nbin
                    1
Error: Symbol ‘matdet’ at (1) conflicts with symbol from module ‘edpmod’, use-associated at (2)
tallyParticleCurrentSpectrum.F:28:72:

       integer, parameter :: nbinmax=32000
                                                                        1
Error: Unexpected data declaration statement at (1)
tallyParticleCurrentSpectrum.F:29:72:

       real*8 countmp(nbinmax,4),counts(nbinmax,4),count2(nbinmax,4)
                                                                        1
Error: Unexpected data declaration statement at (1)
tallyParticleCurrentSpectrum.F:30:72:

       real*8 tcount2(4),edeptmp(4),edep(4),edep2(4)
                                                                        1
Error: Unexpected data declaration statement at (1)
tallyParticleCurrentSpectrum.F:31:72:

       real*8 tedep2,emin,ebin,iebin,unclimit
                                                                        1
Error: Unexpected data declaration statement at (1)
tallyParticleCurrentSpectrum.F:32:9:

       end
         1
Error: END DO statement expected at (1)
tallyParticleCurrentSpectrum.F:41:6:

       subroutine PCStally(mode)
      1
Error: Unclassifiable statement at (1)
tallyParticleCurrentSpectrum.F:46:72:

       use PCSmod
                                                                        1
Error: Unexpected USE statement at (1)
tallyParticleCurrentSpectrum.F:47:72:

       use TRACK_mod
                                                                        1
Error: Unexpected USE statement at (1)
tallyParticleCurrentSpectrum.F:48:19:

       implicit none
                   1
Error: Duplicate IMPLICIT NONE statement at (1)
tallyParticleCurrentSpectrum.F:49:18:

       integer mode
                  1
Error: Symbol ‘mode’ at (1) already has basic type of INTEGER
tallyParticleCurrentSpectrum.F:51:21:

       integer bin,k,i
                     1
Error: Symbol ‘i’ at (1) already has basic type of INTEGER
tallyParticleCurrentSpectrum.F:52:72:

       real*8 totedep,totcount
                                                                        1
Error: Unexpected data declaration statement at (1)
tallyParticleCurrentSpectrum.F:54:21:

       if (.not.active) return
                     1
Error: Name ‘active’ at (1) is an ambiguous reference to ‘active’ from current program unit
tallyParticleCurrentSpectrum.F:57:25:

         if (mat.ne.matdet) return       ! Not in detector
                         1
Error: Name ‘matdet’ at (1) is an ambiguous reference to ‘matdet’ from module ‘edpmod’
tallyParticleCurrentSpectrum.F:72:72:

           do i=1,nbin
                                                                        1
Error: Variable ‘i’ at (1) cannot be redefined inside loop beginning at (2)
tallyParticleCurrentSpectrum.F:82:14:

           edep(k)    = edep(k) +edeptmp(k)
              1
Error: Name ‘edep’ at (1) is an ambiguous reference to ‘edep’ from current program unit
tallyParticleCurrentSpectrum.F:89:9:

       end
         1
Error: END DO statement expected at (1)
tallyParticleCurrentSpectrum.F:92:6:

       subroutine PCSreport(mode,n,cputim,uncdone)
      1
Error: Unclassifiable statement at (1)
tallyParticleCurrentSpectrum.F:103:72:

       use PCSmod
                                                                        1
Error: Unexpected USE statement at (1)
tallyParticleCurrentSpectrum.F:104:72:

       use RSEEDcommonMod
                                                                        1
Error: Unexpected USE statement at (1)
tallyParticleCurrentSpectrum.F:105:19:

       implicit none
                   1
Error: Duplicate IMPLICIT NONE statement at (1)
tallyParticleCurrentSpectrum.F:106:18:

       integer mode,uncdone
                  1
Error: Symbol ‘mode’ at (1) already has basic type of INTEGER
tallyParticleCurrentSpectrum.F:107:72:

       real*8 n,cputim
                                                                        1
Error: Unexpected data declaration statement at (1)
tallyParticleCurrentSpectrum.F:109:72:

       character*80 buffer
                                                                        1
Error: Unexpected data declaration statement at (1)
tallyParticleCurrentSpectrum.F:110:18:

tallyParticleCurrentSpectrum.F:47:9:

       use TRACK_mod
         2         
tallyParticleCurrentSpectrum.F:110:18:

       integer kpar,nchan,out,finduf,errorcode,i
                  1
Error: Symbol ‘kpar’ at (1) conflicts with symbol from module ‘track_mod’, use-associated at (2)
tallyParticleCurrentSpectrum.F:111:72:

       real*8 q,q2,sigma,eff,avesig,maxq,emiddle,elow,uncert,invn
                                                                        1
Error: Unexpected data declaration statement at (1)
tallyParticleCurrentSpectrum.F:114:21:

       if (.not.active) return
                     1
Error: Name ‘active’ at (1) is an ambiguous reference to ‘active’ from current program unit
tallyParticleCurrentSpectrum.F:154:72:

         do i=1,nbin
                                                                        1
Error: Variable ‘i’ at (1) cannot be redefined inside loop beginning at (2)
tallyParticleCurrentSpectrum.F:175:40:

         write(out,'(a,i0)') '#  ',matdet
                                        1
Error: Name ‘matdet’ at (1) is an ambiguous reference to ‘matdet’ from module ‘edpmod’
tallyParticleCurrentSpectrum.F:189:72:

         do i=1,nbin
                                                                        1
Error: Variable ‘i’ at (1) cannot be redefined inside loop beginning at (2)
tallyParticleCurrentSpectrum.F:281:57:

       write(out,'(a,i3)') '# Detection material: ',matdet
                                                         1
Error: Name ‘matdet’ at (1) is an ambiguous reference to ‘matdet’ from module ‘edpmod’
tallyParticleCurrentSpectrum.F:298:19:

       q  = sum(edep)*invn
                   1
Error: Name ‘edep’ at (1) is an ambiguous reference to ‘edep’ from current program unit
tallyParticleCurrentSpectrum.F:313:16:

         q = edep(kpar)*invn
                1
Error: Name ‘edep’ at (1) is an ambiguous reference to ‘edep’ from current program unit
tallyParticleCurrentSpectrum.F:348:9:

       end
         1
Error: END DO statement expected at (1)
tallyParticleCurrentSpectrum.F:351:6:

       subroutine PCSinitally(mem)
      1
Error: Unclassifiable statement at (1)
tallyParticleCurrentSpectrum.F:358:72:

       use PCSmod
                                                                        1
Error: Unexpected USE statement at (1)
tallyParticleCurrentSpectrum.F:359:72:

       use dataTypesMod
                                                                        1
Error: Unexpected USE statement at (1)
tallyParticleCurrentSpectrum.F:360:19:

       implicit none
                   1
Error: Duplicate IMPLICIT NONE statement at (1)
tallyParticleCurrentSpectrum.F:361:72:

       real*8 mem
                                                                        1
Error: Unexpected data declaration statement at (1)
tallyParticleCurrentSpectrum.F:363:72:

       character*(*) secid,eos
                                                                        1
Error: Unexpected data declaration statement at (1)
tallyDiaphragmCorrections.F:273:28:

       if (index(buffer,secid).eq.0) then
                            1
Error: Symbol ‘secid’ at (1) has no IMPLICIT type
tallyDiaphragmCorrections.F:297:55:

      &       'Unable to find End-Of-Section mark: ',eos
                                                       1
Error: Symbol ‘eos’ at (1) has no IMPLICIT type
tallyParticleCurrentSpectrum.F:367:72:

       character*80 buffer,upcase
                                                                        1
Error: Unexpected data declaration statement at (1)
tallyParticleCurrentSpectrum.F:368:72:

       integer errorcode
                                                                        1
Error: Unexpected data declaration statement at (1)
tallyParticleCurrentSpectrum.F:369:72:

       real*8 emax
                                                                        1
Error: Unexpected data declaration statement at (1)
tallyParticleCurrentSpectrum.F:390:6:

       buffer = buffer(1:scan(buffer,' ')) ! Clip at 1st blank
      1
Error: Unclassifiable statement at (1)
tallyParticleCurrentSpectrum.F:392:14:

         active = .true.
              1
Error: Name ‘active’ at (1) is an ambiguous reference to ‘active’ from current program unit
tallyParticleCurrentSpectrum.F:394:14:

         active = .false.
              1
Error: Name ‘active’ at (1) is an ambiguous reference to ‘active’ from current program unit
tallyParticleCurrentSpectrum.F:415:22:

       read(*,*) matdet
                      1
Error: Name ‘matdet’ at (1) is an ambiguous reference to ‘matdet’ from module ‘edpmod’
tallyParticleCurrentSpectrum.F:416:28:

       write(*,'(i3)') matdet
                            1
Error: Name ‘matdet’ at (1) is an ambiguous reference to ‘matdet’ from module ‘edpmod’
tallyParticleCurrentSpectrum.F:439:10:

       edep    = 0.0
          1
Error: Name ‘edep’ at (1) is an ambiguous reference to ‘edep’ from current program unit
tallyParticleCurrentSpectrum.F:457:9:

       end
         1
Error: END DO statement expected at (1)
tallyParticleCurrentSpectrum.F:460:6:

       subroutine PCSdump(mode)
      1
Error: Unclassifiable statement at (1)
tallyParticleCurrentSpectrum.F:467:72:

       use PCSmod, only : counts,count2,tcount2,edep,edep2,tedep2,nbin
                                                                        1
Error: Unexpected USE statement at (1)
tallyParticleCurrentSpectrum.F:468:72:

       use dumpMod
                                                                        1
Error: Unexpected USE statement at (1)
tallyParticleCurrentSpectrum.F:469:19:

       implicit none
                   1
Error: Duplicate IMPLICIT NONE statement at (1)
tallyParticleCurrentSpectrum.F:470:18:

       integer mode
                  1
Error: Symbol ‘mode’ at (1) already has basic type of INTEGER
tallyParticleCurrentSpectrum.F:475:27:

      &    tcount2(1:4),edep(1:4),edep2(1:4),tedep2
                           1
Error: Name ‘edep’ at (1) is an ambiguous reference to ‘edep’ from current program unit
tallyParticleCurrentSpectrum.F:479:27:

      &    tcount2(1:4),edep(1:4),edep2(1:4),tedep2
                           1
Error: Name ‘edep’ at (1) is an ambiguous reference to ‘edep’ from current program unit
tallyParticleCurrentSpectrum.F:481:9:

       end
         1
Error: END DO statement expected at (1)
tallyParticleTrackStructure.F:19:72:

       module PTSmod
                                                                        1
Error: Unexpected MODULE statement at (1)
tallyParticleTrackStructure.F:23:19:

       implicit none
                   1
Error: Duplicate IMPLICIT NONE statement at (1)
tallyParticleTrackStructure.F:24:72:

       save
                                                                        1
Error: Unexpected attribute declaration statement at (1)
tallyParticleTrackStructure.F:25:20:

       logical active
                    1
Error: Name ‘active’ at (1) is an ambiguous reference to ‘active’ from current program unit
tallyParticleTrackStructure.F:26:72:

       integer ptsunit
                                                                        1
Error: Unexpected data declaration statement at (1)
tallyParticleTrackStructure.F:27:72:

       integer*4 ntrack,ntrackmax
                                                                        1
Error: Unexpected data declaration statement at (1)
tallyParticleTrackStructure.F:28:72:

       real*8 xlast,ylast,zlast
                                                                        1
Error: Unexpected data declaration statement at (1)
tallyParticleTrackStructure.F:29:9:

       end
         1
Error: END DO statement expected at (1)
tallyParticleTrackStructure.F:38:6:

       subroutine PTStally(mode,arg)
      1
Error: Unclassifiable statement at (1)
tallyParticleTrackStructure.F:44:72:

       use TRACK_mod
                                                                        1
Error: Unexpected USE statement at (1)
tallyParticleTrackStructure.F:45:72:

       use RSEEDcommonMod
                                                                        1
Error: Unexpected USE statement at (1)
tallyParticleTrackStructure.F:46:72:

       use dataTypesMod
                                                                        1
Error: Unexpected USE statement at (1)
tallyParticleTrackStructure.F:47:72:

       use PTSmod
                                                                        1
Error: Unexpected USE statement at (1)
tallyParticleTrackStructure.F:48:19:

       implicit none
                   1
Error: Duplicate IMPLICIT NONE statement at (1)
tallyParticleTrackStructure.F:49:18:

       integer mode
                  1
Error: Symbol ‘mode’ at (1) already has basic type of INTEGER
tallyParticleTrackStructure.F:50:72:

       real*8 arg
                                                                        1
Error: Unexpected data declaration statement at (1)
tallyParticleTrackStructure.F:52:72:

       real*8 de
                                                                        1
Error: Unexpected data declaration statement at (1)
tallyParticleTrackStructure.F:54:21:

       if (.not.active) return
                     1
Error: Name ‘active’ at (1) is an ambiguous reference to ‘active’ from current program unit
tallyParticleTrackStructure.F:61:16:

           active = .false.     ! Job done, deactivate tally
                1
Error: Name ‘active’ at (1) is an ambiguous reference to ‘active’ from current program unit
tallyParticleTrackStructure.F:108:9:

       end
         1
Error: END DO statement expected at (1)
tallyParticleTrackStructure.F:111:6:

       subroutine PTSinitally
      1
Error: Unclassifiable statement at (1)
tallyParticleTrackStructure.F:115:72:

       use PTSmod
                                                                        1
Error: Unexpected USE statement at (1)
tallyParticleTrackStructure.F:116:19:

       implicit none
                   1
Error: Duplicate IMPLICIT NONE statement at (1)
tallyParticleTrackStructure.F:117:72:

       character*(*) secid,eos
                                                                        1
Error: Unexpected data declaration statement at (1)
tallyDiaphragmCorrections.F:273:28:

       if (index(buffer,secid).eq.0) then
                            1
Error: Symbol ‘secid’ at (1) has no IMPLICIT type
tallyDiaphragmCorrections.F:297:55:

      &       'Unable to find End-Of-Section mark: ',eos
                                                       1
Error: Symbol ‘eos’ at (1) has no IMPLICIT type
tallyParticleTrackStructure.F:121:72:

       character*80 buffer,upcase
                                                                        1
Error: Unexpected data declaration statement at (1)
tallyParticleTrackStructure.F:122:72:

       integer finduf,error
                                                                        1
Error: Unexpected data declaration statement at (1)
tallyParticleTrackStructure.F:138:6:

       buffer = buffer(1:scan(buffer,' ')) ! Clip at 1st blank
      1
Error: Unclassifiable statement at (1)
tallyParticleTrackStructure.F:140:14:

         active = .true.
              1
Error: Name ‘active’ at (1) is an ambiguous reference to ‘active’ from current program unit
tallyParticleTrackStructure.F:142:14:

         active = .false.
              1
Error: Name ‘active’ at (1) is an ambiguous reference to ‘active’ from current program unit
tallyParticleTrackStructure.F:193:9:

       end
         1
Error: END DO statement expected at (1)
tallyPhaseSpaceFile.F:19:72:

       module PSFmod
                                                                        1
Error: Unexpected MODULE statement at (1)
tallyPhaseSpaceFile.F:23:19:

       implicit none
                   1
Error: Duplicate IMPLICIT NONE statement at (1)
tallyPhaseSpaceFile.F:24:72:

       save
                                                                        1
Error: Unexpected attribute declaration statement at (1)
tallyPhaseSpaceFile.F:25:20:

       logical active
                    1
Error: Name ‘active’ at (1) is an ambiguous reference to ‘active’ from current program unit
tallyPhaseSpaceFile.F:26:72:

       integer detmat,psfunit,formatiaea
                                                                        1
Error: Unexpected data declaration statement at (1)
tallyPhaseSpaceFile.F:27:72:

       integer*8 nhisti,nhlast,npar(4)
                                                                        1
Error: Unexpected data declaration statement at (1)
tallyPhaseSpaceFile.F:28:9:

       end
         1
Error: END DO statement expected at (1)
tallyPhaseSpaceFile.F:31:72:

       module PSFendinoMod
                                                                        1
Error: Unexpected MODULE statement at (1)
tallyPhaseSpaceFile.F:36:19:

       implicit none
                   1
Error: Duplicate IMPLICIT NONE statement at (1)
tallyPhaseSpaceFile.F:37:72:

       save
                                                                        1
Error: Unexpected attribute declaration statement at (1)
tallyPhaseSpaceFile.F:38:72:

       integer*4 gkpar,gilb(5)
                                                                        1
Error: Unexpected data declaration statement at (1)
tallyPhaseSpaceFile.F:39:72:

       real*8 gen,gx,gy,gz,gu,gv,gw
                                                                        1
Error: Unexpected data declaration statement at (1)
tallyPhaseSpaceFile.F:40:9:

       end
         1
Error: END DO statement expected at (1)
tallyPhaseSpaceFile.F:43:72:

       module PSFiaeaMod
                                                                        1
Error: Unexpected MODULE statement at (1)
tallyPhaseSpaceFile.F:47:19:

       implicit none
                   1
Error: Duplicate IMPLICIT NONE statement at (1)
tallyPhaseSpaceFile.F:48:72:

       save
                                                                        1
Error: Unexpected attribute declaration statement at (1)
tallyPhaseSpaceFile.F:49:72:

       integer*4 sourceWrite
                                                                        1
Error: Unexpected data declaration statement at (1)
tallyPhaseSpaceFile.F:50:9:

       end
         1
Error: END DO statement expected at (1)
tallyPhaseSpaceFile.F:59:6:

       subroutine PSFtally(mode,arg)
      1
Error: Unclassifiable statement at (1)
tallyPhaseSpaceFile.F:65:72:

       use TRACK_mod
                                                                        1
Error: Unexpected USE statement at (1)
tallyPhaseSpaceFile.F:66:72:

       use PSFmod
                                                                        1
Error: Unexpected USE statement at (1)
tallyPhaseSpaceFile.F:67:72:

       use PSFendinoMod
                                                                        1
Error: Unexpected USE statement at (1)
tallyPhaseSpaceFile.F:68:19:

       implicit none
                   1
Error: Duplicate IMPLICIT NONE statement at (1)
tallyPhaseSpaceFile.F:69:18:

       integer mode
                  1
Error: Symbol ‘mode’ at (1) already has basic type of INTEGER
tallyPhaseSpaceFile.F:70:72:

       real*8 arg
                                                                        1
Error: Unexpected data declaration statement at (1)
tallyPhaseSpaceFile.F:72:72:

       character*80 fmtstr
                                                                        1
Error: Unexpected data declaration statement at (1)
tallyPhaseSpaceFile.F:73:23:

       parameter (fmtstr='(i0,8(1x,es14.7),6(1x,i0))')
                       1
Error: Symbol ‘fmtstr’ at (1) has no IMPLICIT type
tallyPhaseSpaceFile.F:74:72:

       integer*4 dn
                                                                        1
Error: Unexpected data declaration statement at (1)
tallyPhaseSpaceFile.F:76:21:

       if (.not.active) return
                     1
Error: Name ‘active’ at (1) is an ambiguous reference to ‘active’ from current program unit
tallyPhaseSpaceFile.F:110:9:

       end
         1
Error: END DO statement expected at (1)
tallyPhaseSpaceFile.F:113:6:

       subroutine PSFreport(mode,n,cputim)
      1
Error: Unclassifiable statement at (1)
tallyPhaseSpaceFile.F:128:72:

       use TRACK_mod
                                                                        1
Error: Unexpected USE statement at (1)
tallyPhaseSpaceFile.F:129:72:

       use RSEEDcommonMod
                                                                        1
Error: Unexpected USE statement at (1)
tallyPhaseSpaceFile.F:130:72:

       use PSFmod
                                                                        1
Error: Unexpected USE statement at (1)
tallyPhaseSpaceFile.F:131:72:

       use PSFendinoMod
                                                                        1
Error: Unexpected USE statement at (1)
tallyPhaseSpaceFile.F:132:19:

       implicit none
                   1
Error: Duplicate IMPLICIT NONE statement at (1)
tallyPhaseSpaceFile.F:133:18:

       integer mode
                  1
Error: Symbol ‘mode’ at (1) already has basic type of INTEGER
tallyPhaseSpaceFile.F:134:72:

       real*8 n,cputim
                                                                        1
Error: Unexpected data declaration statement at (1)
tallyPhaseSpaceFile.F:136:72:

       integer out,finduf,error
                                                                        1
Error: Unexpected data declaration statement at (1)
tallyPhaseSpaceFile.F:138:21:

       if (.not.active) return
                     1
Error: Name ‘active’ at (1) is an ambiguous reference to ‘active’ from current program unit
tallyPhaseSpaceFile.F:213:9:

       end
         1
Error: END DO statement expected at (1)
tallyPhaseSpaceFile.F:216:6:

       subroutine PSFinitally(emax)
      1
Error: Unclassifiable statement at (1)
tallyPhaseSpaceFile.F:223:72:

       use PENELOPE_mod
                                                                        1
Error: Unexpected USE statement at (1)
tallyPhaseSpaceFile.F:224:72:

       use CSIMPHcommonMod, only : eabsh       ! Protons
                                                                        1
Error: Unexpected USE statement at (1)
tallyPhaseSpaceFile.F:225:72:

       use PSFmod
                                                                        1
Error: Unexpected USE statement at (1)
tallyPhaseSpaceFile.F:226:72:

       use PSFendinoMod
                                                                        1
Error: Unexpected USE statement at (1)
tallyPhaseSpaceFile.F:227:72:

       use dumpMod
                                                                        1
Error: Unexpected USE statement at (1)
tallyPhaseSpaceFile.F:228:19:

       implicit none
                   1
Error: Duplicate IMPLICIT NONE statement at (1)
tallyPhaseSpaceFile.F:229:72:

       real*8 emax
                                                                        1
Error: Unexpected data declaration statement at (1)
tallyPhaseSpaceFile.F:231:72:

       character*(*) secid,eos
                                                                        1
Error: Unexpected data declaration statement at (1)
tallyDiaphragmCorrections.F:273:28:

       if (index(buffer,secid).eq.0) then
                            1
Error: Symbol ‘secid’ at (1) has no IMPLICIT type
tallyDiaphragmCorrections.F:297:55:

      &       'Unable to find End-Of-Section mark: ',eos
                                                       1
Error: Symbol ‘eos’ at (1) has no IMPLICIT type
tallyPhaseSpaceFile.F:235:72:

       character*80 buffer,upcase
                                                                        1
Error: Unexpected data declaration statement at (1)
tallyPhaseSpaceFile.F:236:72:

       integer finduf,error
                                                                        1
Error: Unexpected data declaration statement at (1)
tallyPhaseSpaceFile.F:252:6:

       buffer = buffer(1:scan(buffer,' ')) ! Clip at 1st blank
      1
Error: Unclassifiable statement at (1)
tallyPhaseSpaceFile.F:254:14:

         active = .true.
              1
Error: Name ‘active’ at (1) is an ambiguous reference to ‘active’ from current program unit
tallyPhaseSpaceFile.F:256:14:

         active = .false.
              1
Error: Name ‘active’ at (1) is an ambiguous reference to ‘active’ from current program unit
tallyPhaseSpaceFile.F:326:6:

       buffer = buffer(1:scan(buffer,' ')) ! Clip at 1st blank
      1
Error: Unclassifiable statement at (1)
tallyPhaseSpaceFile.F:386:9:

       end
         1
Error: END DO statement expected at (1)
tallyPhaseSpaceFile.F:389:6:

       subroutine PSFdump(mode)
      1
Error: Unclassifiable statement at (1)
tallyPhaseSpaceFile.F:396:72:

       use dumpMod
                                                                        1
Error: Unexpected USE statement at (1)
tallyPhaseSpaceFile.F:397:72:

       use PSFmod, only : nhlast,npar
                                                                        1
Error: Unexpected USE statement at (1)
tallyPhaseSpaceFile.F:398:19:

       implicit none
                   1
Error: Duplicate IMPLICIT NONE statement at (1)
tallyPhaseSpaceFile.F:399:18:

       integer mode
                  1
Error: Symbol ‘mode’ at (1) already has basic type of INTEGER
tallyPhaseSpaceFile.F:408:9:

       end
         1
Error: END DO statement expected at (1)
tallyPixelImageDetect.F:19:72:

       module PIDmod
                                                                        1
Error: Unexpected MODULE statement at (1)
tallyPixelImageDetect.F:23:19:

       implicit none
                   1
Error: Duplicate IMPLICIT NONE statement at (1)
tallyPixelImageDetect.F:24:72:

       save
                                                                        1
Error: Unexpected attribute declaration statement at (1)
tallyPixelImageDetect.F:25:20:

       logical active,isLab,isEspread,isEinteg,isPCM
                    1
Error: Name ‘active’ at (1) is an ambiguous reference to ‘active’ from current program unit
tallyPixelImageDetect.F:26:72:

       integer detmode,repformat,collided,selectCollision
                                                                        1
Error: Unexpected data declaration statement at (1)
tallyPixelImageDetect.F:27:30:

       integer*4 bodydet,matdet,nx,ny,nebin,ijmax,ijkmax
                              1
Error: Name ‘matdet’ at (1) is an ambiguous reference to ‘matdet’ from module ‘edpmod’
tallyPixelImageDetect.F:28:51:

       real*8 lab2det(2,3),r0(3),dx,dy,idx,idy,c0,c1
                                                   1
Error: Symbol ‘c1’ at (1) conflicts with symbol from module ‘penelope_mod’, use-associated at (2)
tallyPixelImageDetect.F:29:21:

       real*8 unclimit,ethr,emin,emax,ebin,iebin
                     1
Error: Symbol ‘unclimit’ at (1) conflicts with symbol from module ‘pcsmod’, use-associated at (2)
tallyPixelImageDetect.F:32:72:

      &       npixmax=1.024e9    ! Max num pixels=32k squared (do not exceed int*4)
                                                                        1
Error: Unexpected data declaration statement at (1)
tallyPixelImageDetect.F:33:72:

       real*8 :: memPID=0.0      ! Memory used by arrays (bytes)
                                                                        1
Error: Unexpected data declaration statement at (1)
tallyPixelImageDetect.F:35:34:

      &  image(:),image2(:),edeptmp(:),nlast(:),wghtlast(:)
                                  1
Error: Symbol ‘edeptmp’ at (1) conflicts with symbol from module ‘pcsmod’, use-associated at (2)
tallyPixelImageDetect.F:36:9:

       end
         1
Error: END DO statement expected at (1)
tallyPixelImageDetect.F:45:6:

       subroutine PIDtally(mode,arg)
      1
Error: Unclassifiable statement at (1)
tallyPixelImageDetect.F:51:72:

       use PIDmod
                                                                        1
Error: Unexpected USE statement at (1)
tallyPixelImageDetect.F:52:72:

       use TRACK_mod
                                                                        1
Error: Unexpected USE statement at (1)
tallyPixelImageDetect.F:53:72:

       use ctrsimMod, only : nhist  ! Current history number
                                                                        1
Error: Unexpected USE statement at (1)
tallyPixelImageDetect.F:54:72:

       use SECSTcommonMod, only : nsec,ilbs
                                                                        1
Error: Unexpected USE statement at (1)
tallyPixelImageDetect.F:55:19:

       implicit none
                   1
Error: Duplicate IMPLICIT NONE statement at (1)
tallyPixelImageDetect.F:56:18:

       integer mode
                  1
Error: Symbol ‘mode’ at (1) already has basic type of INTEGER
tallyPixelImageDetect.F:57:72:

       real*8 arg
                                                                        1
Error: Unexpected data declaration statement at (1)
tallyPixelImageDetect.F:59:17:

       integer*4 i,j,ij,k,ijk
                 1
Error: Symbol ‘i’ at (1) already has basic type of INTEGER
tallyPixelImageDetect.F:60:72:

       real*8 rprima(3),xdet,ydet,espread
                                                                        1
Error: Unexpected data declaration statement at (1)
tallyPixelImageDetect.F:62:21:

       if (.not.active) return
                     1
Error: Name ‘active’ at (1) is an ambiguous reference to ‘active’ from current program unit
tallyPixelImageDetect.F:88:23:

       if (mat.eq.matdet.and.mode.le.0) then   ! Energy has been deposited in detection material
                       1
Error: Name ‘matdet’ at (1) is an ambiguous reference to ‘matdet’ from module ‘edpmod’
tallyPixelImageDetect.F:101:72:

         i = xdet*idx+1.0                      ! Pixel index
                                                                        1
Error: Variable ‘i’ at (1) cannot be redefined inside loop beginning at (2)
tallyPixelImageDetect.F:109:27:

             if (isEspread) edeptmp(ij)=espread(edeptmp(ij)) ! Gaussian energy spread
                           1
Error: Cannot assign to a named constant at (1)
tallyPixelImageDetect.F:110:44:

             image(ij)   = image(ij) +edeptmp(ij)     ! Transfer temp counter to permanent
                                            1
Error: Name ‘edeptmp’ at (1) is an ambiguous reference to ‘edeptmp’ from module ‘pcsmod’
tallyPixelImageDetect.F:111:44:

             image2(ij)  = image2(ij)+edeptmp(ij)**2  ! ...and the variance too
                                            1
Error: Name ‘edeptmp’ at (1) is an ambiguous reference to ‘edeptmp’ from module ‘pcsmod’
tallyPixelImageDetect.F:112:19:

             edeptmp(ij) = arg*wght                   ! Reset temp counter
                   1
Error: Name ‘edeptmp’ at (1) is an ambiguous reference to ‘edeptmp’ from module ‘pcsmod’
tallyPixelImageDetect.F:115:19:

             edeptmp(ij) = edeptmp(ij)+arg*wght       ! Score in temp counter
                   1
Error: Name ‘edeptmp’ at (1) is an ambiguous reference to ‘edeptmp’ from module ‘pcsmod’
tallyPixelImageDetect.F:120:27:

             if (isEspread) edeptmp(ij)=espread(edeptmp(ij))  ! Gaussian energy spread
                           1
Error: Cannot assign to a named constant at (1)
tallyPixelImageDetect.F:121:23:

             if (edeptmp(ij).gt.ethr) then                    ! Deposited energy exceeds threshold
                       1
Error: Name ‘edeptmp’ at (1) is an ambiguous reference to ‘edeptmp’ from module ‘pcsmod’
tallyPixelImageDetect.F:129:34:

               k = (espread(edeptmp(ij))-emin)*iebin+1.0      ! E channel where the a count will be added
                                  1
Error: Name ‘edeptmp’ at (1) is an ambiguous reference to ‘edeptmp’ from module ‘pcsmod’
tallyPixelImageDetect.F:131:34:

               k =         (edeptmp(ij) -emin)*iebin+1.0      ! Same without E spread
                                  1
Error: Name ‘edeptmp’ at (1) is an ambiguous reference to ‘edeptmp’ from module ‘pcsmod’
tallyPixelImageDetect.F:140:17:

           edeptmp(ij)  = arg                       ! Reset temp counter
                 1
Error: Name ‘edeptmp’ at (1) is an ambiguous reference to ‘edeptmp’ from module ‘pcsmod’
tallyPixelImageDetect.F:144:72:

         else                                  ! Photon modes; same history as previous event, continue temp scoring
                                                                        1
Error: Unexpected ELSE statement at (1)
tallyPixelImageDetect.F:145:17:

           edeptmp(ij)  = edeptmp(ij)+arg           ! In photon modes WGHT is applied to the added count, not to deposited energy
                 1
Error: Name ‘edeptmp’ at (1) is an ambiguous reference to ‘edeptmp’ from module ‘pcsmod’
tallyPixelImageDetect.F:147:11:

         endif
           1
Error: Expecting END DO statement at (1)
tallyPixelImageDetect.F:149:9:

       endif
         1
Error: Expecting END DO statement at (1)
tallyPixelImageDetect.F:150:9:

       end
         1
Error: END DO statement expected at (1)
tallyPixelImageDetect.F:153:6:

       subroutine PIDreport(mode,n,cputim,uncdone)
      1
Error: Unclassifiable statement at (1)
tallyPixelImageDetect.F:164:72:

       use PIDmod
                                                                        1
Error: Unexpected USE statement at (1)
tallyPixelImageDetect.F:165:72:

       use RSEEDcommonMod
                                                                        1
Error: Unexpected USE statement at (1)
tallyPixelImageDetect.F:166:19:

       implicit none
                   1
Error: Duplicate IMPLICIT NONE statement at (1)
tallyPixelImageDetect.F:167:18:

       integer mode,uncdone
                  1
Error: Symbol ‘mode’ at (1) already has basic type of INTEGER
tallyPixelImageDetect.F:168:72:

       real*8 n,cputim
                                                                        1
Error: Unexpected data declaration statement at (1)
tallyPixelImageDetect.F:170:72:

       character*80 buffer
                                                                        1
Error: Unexpected data declaration statement at (1)
tallyPixelImageDetect.F:171:72:

       integer out,finduf,errorcode
                                                                        1
Error: Unexpected data declaration statement at (1)
tallyPixelImageDetect.F:172:23:

       integer*4 nchan,i,j,k,ij,ijk
                       1
Error: Symbol ‘i’ at (1) already has basic type of INTEGER
tallyPixelImageDetect.F:173:45:

       real*8 q,sigma,eff,avesig,maxq,uncert,x,y,xmiddle,ymiddle,invn
                                             1
Error: Symbol ‘x’ at (1) conflicts with symbol from module ‘track_mod’, use-associated at (2)
tallyPixelImageDetect.F:174:14:

       real*8 e,emiddle,espread,fact,fact2,factE,fact2E,idarea
              1
Error: Symbol ‘e’ at (1) conflicts with symbol from module ‘track_mod’, use-associated at (2)
tallyPixelImageDetect.F:177:21:

       if (.not.active) return
                     1
Error: Name ‘active’ at (1) is an ambiguous reference to ‘active’ from current program unit
tallyPixelImageDetect.F:182:23:

         if (isEspread) edeptmp(ij)=espread(edeptmp(ij)) ! Gaussian energy spread
                       1
Error: Cannot assign to a named constant at (1)
tallyPixelImageDetect.F:185:42:

           image(ij)   = image(ij) +edeptmp(ij)          ! Transfer temp counter to permanent
                                          1
Error: Name ‘edeptmp’ at (1) is an ambiguous reference to ‘edeptmp’ from module ‘pcsmod’
tallyPixelImageDetect.F:186:42:

           image2(ij)  = image2(ij)+edeptmp(ij)**2
                                          1
Error: Name ‘edeptmp’ at (1) is an ambiguous reference to ‘edeptmp’ from module ‘pcsmod’
tallyPixelImageDetect.F:188:21:

           if (edeptmp(ij).gt.ethr) then                 ! Deposited energy exceeds threshold
                     1
Error: Name ‘edeptmp’ at (1) is an ambiguous reference to ‘edeptmp’ from module ‘pcsmod’
tallyPixelImageDetect.F:191:13:

           endif
             1
Error: Expecting END SELECT statement at (1)
tallyPixelImageDetect.F:194:22:

           k = (edeptmp(ij)-emin)*iebin+1.0              ! E channel where count will be added
                      1
Error: Name ‘edeptmp’ at (1) is an ambiguous reference to ‘edeptmp’ from module ‘pcsmod’
tallyPixelImageDetect.F:203:15:

         edeptmp(ij)  = 0.0                              ! Reset counter
               1
Error: Name ‘edeptmp’ at (1) is an ambiguous reference to ‘edeptmp’ from module ‘pcsmod’
tallyPixelImageDetect.F:296:58:

           write(out,'(a,1x,i0,1x,es12.5)') '# ',nebin,ebin
                                                          1
Error: Name ‘ebin’ at (1) is an ambiguous reference to ‘ebin’ from module ‘pcsmod’
tallyPixelImageDetect.F:330:72:

         do i=1,nx
                                                                        1
Error: Variable ‘i’ at (1) cannot be redefined inside loop beginning at (2)
tallyPixelImageDetect.F:344:25:

       factE  = invn*iebin*idarea                ! Factors for E discrim mode
                         1
Error: Name ‘iebin’ at (1) is an ambiguous reference to ‘iebin’ from module ‘pcsmod’
tallyPixelImageDetect.F:345:26:

       fact2E = invn*(iebin*idarea)**2
                          1
Error: Name ‘iebin’ at (1) is an ambiguous reference to ‘iebin’ from module ‘pcsmod’
tallyPixelImageDetect.F:352:72:

         do i=1,nx
                                                                        1
Error: Variable ‘i’ at (1) cannot be redefined inside loop beginning at (2)
tallyPixelImageDetect.F:362:24:

                 e = emin+ebin*(k-1)
                        1
Error: Name ‘emin’ at (1) is an ambiguous reference to ‘emin’ from module ‘pcsmod’
tallyPixelImageDetect.F:363:32:

                 emiddle = e+ebin*0.5
                                1
Error: Name ‘ebin’ at (1) is an ambiguous reference to ‘ebin’ from module ‘pcsmod’
tallyPixelImageDetect.F:406:30:

         if (uncert.lt.unclimit) uncdone = 2  ! Uncertainty reached
                              1
Error: Name ‘unclimit’ at (1) is an ambiguous reference to ‘unclimit’ from module ‘pcsmod’
tallyPixelImageDetect.F:443:9:

       end
         1
Error: END DO statement expected at (1)
tallyPixelImageDetect.F:446:6:

       subroutine PIDinitally(mem)
      1
Error: Unclassifiable statement at (1)
tallyPixelImageDetect.F:453:72:

       use PIDmod
                                                                        1
Error: Unexpected USE statement at (1)
tallyPixelImageDetect.F:454:72:

       use dataTypesMod
                                                                        1
Error: Unexpected USE statement at (1)
tallyPixelImageDetect.F:455:72:

       use PENELOPE_mod, only : eabs,maxmat
                                                                        1
Error: Unexpected USE statement at (1)
tallyPixelImageDetect.F:456:72:

       use CSIMPHcommonMod, only : eabsh       ! Protons
                                                                        1
Error: Unexpected USE statement at (1)
tallyPixelImageDetect.F:457:19:

       implicit none
                   1
Error: Duplicate IMPLICIT NONE statement at (1)
tallyPixelImageDetect.F:458:72:

       real*8 mem
                                                                        1
Error: Unexpected data declaration statement at (1)
tallyPixelImageDetect.F:460:72:

       character*(*) secid,eos
                                                                        1
Error: Unexpected data declaration statement at (1)
tallyDiaphragmCorrections.F:273:28:

       if (index(buffer,secid).eq.0) then
                            1
Error: Symbol ‘secid’ at (1) has no IMPLICIT type
tallyDiaphragmCorrections.F:297:55:

      &       'Unable to find End-Of-Section mark: ',eos
                                                       1
Error: Symbol ‘eos’ at (1) has no IMPLICIT type
tallyPixelImageDetect.F:464:72:

       character*80 buffer,upcase
                                                                        1
Error: Unexpected data declaration statement at (1)
tallyPixelImageDetect.F:465:72:

       integer errorcode
                                                                        1
Error: Unexpected data declaration statement at (1)
tallyPixelImageDetect.F:466:72:

       integer*4 ijwght
                                                                        1
Error: Unexpected data declaration statement at (1)
tallyPixelImageDetect.F:467:72:

       real*8 pixlen
                                                                        1
Error: Unexpected data declaration statement at (1)
tallyPixelImageDetect.F:468:72:

       real*8, parameter :: einf=1.1e9  ! Above max E in PENELOPE
                                                                        1
Error: Unexpected data declaration statement at (1)
tallyPixelImageDetect.F:484:6:

       buffer = buffer(1:scan(buffer,' '))   ! Clip at 1st blank
      1
Error: Unclassifiable statement at (1)
tallyPixelImageDetect.F:486:14:

         active = .true.
              1
Error: Name ‘active’ at (1) is an ambiguous reference to ‘active’ from current program unit
tallyPixelImageDetect.F:488:14:

         active = .false.
              1
Error: Name ‘active’ at (1) is an ambiguous reference to ‘active’ from current program unit
tallyPixelImageDetect.F:509:22:

       read(*,*) matdet
                      1
Error: Name ‘matdet’ at (1) is an ambiguous reference to ‘matdet’ from module ‘edpmod’
tallyPixelImageDetect.F:510:31:

       write(*,'(1x,i0)') matdet
                               1
Error: Name ‘matdet’ at (1) is an ambiguous reference to ‘matdet’ from module ‘edpmod’
tallyPixelImageDetect.F:511:16:

       if (matdet.le.0.or.matdet.gt.maxmat) then
                1
Error: Name ‘matdet’ at (1) is an ambiguous reference to ‘matdet’ from module ‘edpmod’
tallyPixelImageDetect.F:514:9:

       endif
         1
Error: Expecting END DO statement at (1)
tallyPixelImageDetect.F:531:32:

         if (minval(eabs(:,matdet)).lt.einf) then
                                1
Error: Name ‘matdet’ at (1) is an ambiguous reference to ‘matdet’ from module ‘edpmod’
tallyPixelImageDetect.F:537:11:

         endif
           1
Error: Expecting END SELECT statement at (1)
tallyPixelImageDetect.F:620:22:

         read(*,*) emin,emax,nebin
                      1
Error: Name ‘emin’ at (1) is an ambiguous reference to ‘emin’ from module ‘pcsmod’
tallyPixelImageDetect.F:621:44:

         write(*,'(2(1x,es12.5),1x,i0)') emin,emax,nebin
                                            1
Error: Name ‘emin’ at (1) is an ambiguous reference to ‘emin’ from module ‘pcsmod’
tallyPixelImageDetect.F:622:16:

         if (emin.lt.0.0.or.emin.ge.emax.or.nebin.lt.1) then
                1
Error: Name ‘emin’ at (1) is an ambiguous reference to ‘emin’ from module ‘pcsmod’
tallyPixelImageDetect.F:625:11:

         endif
           1
Error: Expecting END SELECT statement at (1)
tallyPixelImageDetect.F:626:12:

         ebin = (emax-emin)/nebin
            1
Error: Name ‘ebin’ at (1) is an ambiguous reference to ‘ebin’ from module ‘pcsmod’
tallyPixelImageDetect.F:627:13:

         iebin = 1.0/ebin
             1
Error: Name ‘iebin’ at (1) is an ambiguous reference to ‘iebin’ from module ‘pcsmod’
tallyPixelImageDetect.F:641:21:

       read(*,*) c0,c1
                     1
Error: Name ‘c1’ at (1) is an ambiguous reference to ‘c1’ from module ‘penelope_mod’
tallyPixelImageDetect.F:642:37:

       write(*,'(2(1x,es12.5))') c0,c1
                                     1
Error: Name ‘c1’ at (1) is an ambiguous reference to ‘c1’ from module ‘penelope_mod’
tallyPixelImageDetect.F:643:19:

       if (min(c0,c1).lt.0.0) then
                   1
Error: Name ‘c1’ at (1) is an ambiguous reference to ‘c1’ from module ‘penelope_mod’
tallyPixelImageDetect.F:646:9:

       endif
         1
Error: Expecting END DO statement at (1)
tallyPixelImageDetect.F:648:19:

       if (max(c0,c1).gt.0.0) isEspread = .true.
                   1
Error: Name ‘c1’ at (1) is an ambiguous reference to ‘c1’ from module ‘penelope_mod’
tallyPixelImageDetect.F:650:8:

       c1 = c1*fwhm2sig2
        1
Error: Name ‘c1’ at (1) is an ambiguous reference to ‘c1’ from module ‘penelope_mod’
tallyPixelImageDetect.F:742:24:

       read(*,*) unclimit
                        1
Error: Name ‘unclimit’ at (1) is an ambiguous reference to ‘unclimit’ from module ‘pcsmod’
tallyPixelImageDetect.F:743:37:

       write(*,'(1x,es12.5)') unclimit
                                     1
Error: Name ‘unclimit’ at (1) is an ambiguous reference to ‘unclimit’ from module ‘pcsmod’
tallyPixelImageDetect.F:771:51:

       allocate(image(ijkmax),image2(ijkmax),edeptmp(ijmax),
                                                   1
Error: Name ‘edeptmp’ at (1) is an ambiguous reference to ‘edeptmp’ from module ‘pcsmod’
tallyPixelImageDetect.F:782:13:

       edeptmp  = 0.0
             1
Error: Name ‘edeptmp’ at (1) is an ambiguous reference to ‘edeptmp’ from module ‘pcsmod’
tallyPixelImageDetect.F:790:9:

       end
         1
Error: END DO statement expected at (1)
tallyPixelImageDetect.F:793:6:

       subroutine setDetectFrame
      1
Error: Unclassifiable statement at (1)
tallyPixelImageDetect.F:797:72:

       use PIDmod
                                                                        1
Error: Unexpected USE statement at (1)
tallyPixelImageDetect.F:798:72:

       use PENGEOMcommonsMod
                                                                        1
Error: Unexpected USE statement at (1)
tallyPixelImageDetect.F:799:72:

       use PENGEOM_mod, only : nxg,mater,nbody
                                                                        1
Error: Unexpected USE statement at (1)
tallyPixelImageDetect.F:800:72:

       use dataTypesMod
                                                                        1
Error: Unexpected USE statement at (1)
tallyPixelImageDetect.F:801:19:

       implicit none
                   1
Error: Duplicate IMPLICIT NONE statement at (1)
tallyPixelImageDetect.F:803:17:

       integer*4 i,isurf,sidepoint,surf,surfmax
                 1
Error: Symbol ‘i’ at (1) already has basic type of INTEGER
tallyPixelImageDetect.F:804:72:

       real*8 normx(3),scalarx,normy(3),scalary,normtop(3),scalartop
                                                                        1
Error: Unexpected data declaration statement at (1)
tallyPixelImageDetect.F:805:72:

       real*8 imodu,detbox,pixgrid
                                                                        1
Error: Unexpected data declaration statement at (1)
tallyPixelImageDetect.F:806:72:

       real*8, parameter :: eps=1.0d-13,oneplus=1.0d0+eps
                                                                        1
Error: Unexpected data declaration statement at (1)
tallyPixelImageDetect.F:810:21:

       do i=nbody,1,-1                 ! Reverse search, start from top
                     1
Error: Variable ‘i’ at (1) cannot be redefined inside loop beginning at (2)
tallyPixelImageDetect.F:811:30:

         if (mater(i).eq.matdet) then  ! This body is detector
                              1
Error: Name ‘matdet’ at (1) is an ambiguous reference to ‘matdet’ from module ‘edpmod’
tallyPixelImageDetect.F:818:11:

         endif
           1
Error: Expecting END DO statement at (1)
tallyPixelImageDetect.F:830:36:

       do i=1,surfmax                ! For all surfaces limiting BODYDET
                                    1
Error: Variable ‘i’ at (1) cannot be redefined inside loop beginning at (2)
tallyPixelImageDetect.F:1018:19:

       if (abs(normx(1)-1.0d0).lt.eps.and.
                   1
Error: Syntax error in argument list at (1)
tallyPixelImageDetect.F:1023:9:

       endif
         1
Error: Expecting END DO statement at (1)
tallyPixelImageDetect.F:1036:9:

       end
         1
Error: END DO statement expected at (1)
tallyPixelImageDetect.F:1039:72:

       real*8 function espread(x)
                                                                        1
Error: Unexpected data declaration statement at (1)
tallyPixelImageDetect.F:1047:72:

       use PIDmod
                                                                        1
Error: Unexpected USE statement at (1)
tallyPixelImageDetect.F:1048:19:

       implicit none
                   1
Error: Duplicate IMPLICIT NONE statement at (1)
tallyPixelImageDetect.F:1049:14:

       real*8 x,gausspdf
              1
Error: Symbol ‘x’ at (1) conflicts with symbol from module ‘track_mod’, use-associated at (2)
tallyPixelImageDetect.F:1051:28:

       espread = x+sqrt(c0+c1*x)*gausspdf()  ! The squared std deviation depends linearly on x
                            1
Error: Name ‘c1’ at (1) is an ambiguous reference to ‘c1’ from module ‘penelope_mod’
tallyPixelImageDetect.F:1052:9:

       end function
         1
Error: Expecting END DO statement at (1)
tallyPixelImageDetect.F:1055:6:

       subroutine PIDdump(mode)
      1
Error: Unclassifiable statement at (1)
tallyPixelImageDetect.F:1062:72:

       use PIDmod
                                                                        1
Error: Unexpected USE statement at (1)
tallyPixelImageDetect.F:1063:72:

       use dumpMod
                                                                        1
Error: Unexpected USE statement at (1)
tallyPixelImageDetect.F:1064:19:

       implicit none
                   1
Error: Duplicate IMPLICIT NONE statement at (1)
tallyPixelImageDetect.F:1065:18:

       integer mode
                  1
Error: Symbol ‘mode’ at (1) already has basic type of INTEGER
tallyPixelImageDetect.F:1074:9:

       end
         1
Error: END DO statement expected at (1)
tallyPulseHeightSpectrum.F:18:72:

       module PHSmod
                                                                        1
Error: Unexpected MODULE statement at (1)
tallyPulseHeightSpectrum.F:22:19:

       implicit none
                   1
Error: Duplicate IMPLICIT NONE statement at (1)
tallyPulseHeightSpectrum.F:23:72:

       save
                                                                        1
Error: Unexpected attribute declaration statement at (1)
tallyPulseHeightSpectrum.F:24:20:

       logical active,isGaussConvo
                    1
Error: Name ‘active’ at (1) is an ambiguous reference to ‘active’ from current program unit
tallyPulseHeightSpectrum.F:25:20:

       integer matdet,nbin
                    1
Error: Name ‘matdet’ at (1) is an ambiguous reference to ‘matdet’ from module ‘edpmod’
tallyPulseHeightSpectrum.F:26:35:

       integer, parameter :: nbinmax=32000
                                   1
Error: Symbol ‘nbinmax’ at (1) conflicts with symbol from module ‘pcsmod’, use-associated at (2)
tallyPulseHeightSpectrum.F:27:19:

       real*8 counts(nbinmax),count2(nbinmax)
                   1
Error: Symbol ‘counts’ at (1) conflicts with symbol from module ‘pcsmod’, use-associated at (2)
tallyPulseHeightSpectrum.F:28:24:

       real*8 edptmp,emin,ebin,iebin,unclimit,a0,a1
                        1
Error: Name ‘emin’ at (1) is an ambiguous reference to ‘emin’ from module ‘pcsmod’
tallyPulseHeightSpectrum.F:29:9:

       end
         1
Error: END DO statement expected at (1)
tallyPulseHeightSpectrum.F:38:6:

       subroutine PHStally(mode,eloss)
      1
Error: Unclassifiable statement at (1)
tallyPulseHeightSpectrum.F:44:72:

       use PHSmod
                                                                        1
Error: Unexpected USE statement at (1)
tallyPulseHeightSpectrum.F:45:72:

       use TRACK_mod, only : mat,wght
                                                                        1
Error: Unexpected USE statement at (1)
tallyPulseHeightSpectrum.F:46:19:

       implicit none
                   1
Error: Duplicate IMPLICIT NONE statement at (1)
tallyPulseHeightSpectrum.F:47:18:

       integer mode
                  1
Error: Symbol ‘mode’ at (1) already has basic type of INTEGER
tallyPulseHeightSpectrum.F:48:18:

       real*8 eloss
                  1
Error: Symbol ‘eloss’ at (1) already has basic type of REAL
tallyPulseHeightSpectrum.F:50:72:

       integer bin
                                                                        1
Error: Unexpected data declaration statement at (1)
tallyPulseHeightSpectrum.F:51:72:

       real*8 gausspdf
                                                                        1
Error: Unexpected data declaration statement at (1)
tallyPulseHeightSpectrum.F:53:21:

       if (.not.active) return
                     1
Error: Name ‘active’ at (1) is an ambiguous reference to ‘active’ from current program unit
tallyPulseHeightSpectrum.F:56:25:

         if (mat.ne.matdet) return        ! Not in detector material
                         1
Error: Name ‘matdet’ at (1) is an ambiguous reference to ‘matdet’ from module ‘edpmod’
tallyPulseHeightSpectrum.F:61:33:

      &    edptmp = edptmp+sqrt(a0+a1*edptmp)*gausspdf() ! Gaussian spread, variance is linear with Edep
                                 1
Error: Name ‘a0’ at (1) is an ambiguous reference to ‘a0’ from module ‘pengeomcommonsmod’
tallyPulseHeightSpectrum.F:63:26:

         bin = (edptmp-emin)*iebin+1.0    ! E bin number
                          1
Error: Name ‘emin’ at (1) is an ambiguous reference to ‘emin’ from module ‘pcsmod’
tallyPulseHeightSpectrum.F:64:36:

         if (bin.gt.0.and.bin.le.nbin) then
                                    1
Error: Name ‘nbin’ at (1) is an ambiguous reference to ‘nbin’ from module ‘pcsmod’
tallyPulseHeightSpectrum.F:65:16:

           counts(bin) = counts(bin)+wght ! Score one count
                1
Error: Name ‘counts’ at (1) is an ambiguous reference to ‘counts’ from module ‘pcsmod’
tallyPulseHeightSpectrum.F:66:16:

           count2(bin) = count2(bin)+wght**2  ! Score variance
                1
Error: Name ‘count2’ at (1) is an ambiguous reference to ‘count2’ from module ‘pcsmod’
tallyPulseHeightSpectrum.F:70:9:

       endif
         1
Error: Expecting END DO statement at (1)
tallyPulseHeightSpectrum.F:71:9:

       end
         1
Error: END DO statement expected at (1)
tallyPulseHeightSpectrum.F:74:6:

       subroutine PHSreport(mode,n,cputim,uncdone)
      1
Error: Unclassifiable statement at (1)
tallyPulseHeightSpectrum.F:85:72:

       use PHSmod
                                                                        1
Error: Unexpected USE statement at (1)
tallyPulseHeightSpectrum.F:86:72:

       use RSEEDcommonMod
                                                                        1
Error: Unexpected USE statement at (1)
tallyPulseHeightSpectrum.F:87:19:

       implicit none
                   1
Error: Duplicate IMPLICIT NONE statement at (1)
tallyPulseHeightSpectrum.F:88:18:

       integer mode,uncdone
                  1
Error: Symbol ‘mode’ at (1) already has basic type of INTEGER
tallyPulseHeightSpectrum.F:89:72:

       real*8 n,cputim
                                                                        1
Error: Unexpected data declaration statement at (1)
tallyPulseHeightSpectrum.F:91:15:

       integer i,nchan,out,finduf,errorcode
               1
Error: Symbol ‘i’ at (1) already has basic type of INTEGER
tallyPulseHeightSpectrum.F:92:72:

       real*8 q,q2,sigma,eff,avesig,maxq,emiddle,elow,uncert,invn
                                                                        1
Error: Unexpected data declaration statement at (1)
tallyPulseHeightSpectrum.F:95:21:

       if (.not.active) return
                     1
Error: Name ‘active’ at (1) is an ambiguous reference to ‘active’ from current program unit
tallyPulseHeightSpectrum.F:121:38:

       write(out,'(a,i0)') '#  ',matdet
                                      1
Error: Name ‘matdet’ at (1) is an ambiguous reference to ‘matdet’ from module ‘edpmod’
tallyPulseHeightSpectrum.F:123:36:

       write(out,'(a,i0)') '#  ',nbin
                                    1
Error: Name ‘nbin’ at (1) is an ambiguous reference to ‘nbin’ from module ‘pcsmod’
tallyPulseHeightSpectrum.F:125:40:

       write(out,'(a,es12.5)') '#  ',ebin
                                        1
Error: Name ‘ebin’ at (1) is an ambiguous reference to ‘ebin’ from module ‘pcsmod’
tallyPulseHeightSpectrum.F:137:30:

       maxq = 0.5*maxval(counts)  ! 1/2 of the max score
                              1
Error: Name ‘counts’ at (1) is an ambiguous reference to ‘counts’ from module ‘pcsmod’
tallyPulseHeightSpectrum.F:139:17:

       do i=1,nbin
                 1
Error: Name ‘nbin’ at (1) is an ambiguous reference to ‘nbin’ from module ‘pcsmod’
tallyPulseHeightSpectrum.F:140:19:

         q  = counts(i)*invn
                   1
Error: Name ‘counts’ at (1) is an ambiguous reference to ‘counts’ from module ‘pcsmod’
tallyPulseHeightSpectrum.F:141:19:

         q2 = count2(i)*invn
                   1
Error: Name ‘count2’ at (1) is an ambiguous reference to ‘count2’ from module ‘pcsmod’
tallyPulseHeightSpectrum.F:144:19:

         q = q*iebin
                   1
Error: Name ‘iebin’ at (1) is an ambiguous reference to ‘iebin’ from module ‘pcsmod’
tallyPulseHeightSpectrum.F:145:27:

         sigma = sigma*iebin
                           1
Error: Name ‘iebin’ at (1) is an ambiguous reference to ‘iebin’ from module ‘pcsmod’
tallyPulseHeightSpectrum.F:146:19:

         elow = emin+ebin*(i-1)
                   1
Error: Name ‘emin’ at (1) is an ambiguous reference to ‘emin’ from module ‘pcsmod’
tallyPulseHeightSpectrum.F:147:27:

         emiddle = elow+ebin*0.5
                           1
Error: Name ‘ebin’ at (1) is an ambiguous reference to ‘ebin’ from module ‘pcsmod’
tallyPulseHeightSpectrum.F:151:18:

         if (counts(i).gt.maxq) then
                  1
Error: Name ‘counts’ at (1) is an ambiguous reference to ‘counts’ from module ‘pcsmod’
tallyPulseHeightSpectrum.F:154:11:

         endif
           1
Error: Expecting END DO statement at (1)
tallyPulseHeightSpectrum.F:160:30:

         if (uncert.lt.unclimit) uncdone = 2  ! Uncertainty reached
                              1
Error: Name ‘unclimit’ at (1) is an ambiguous reference to ‘unclimit’ from module ‘pcsmod’
tallyPulseHeightSpectrum.F:193:9:

       end
         1
Error: END IF statement expected at (1)
tallyPulseHeightSpectrum.F:196:6:

       subroutine PHSinitally(mem)
      1
Error: Unclassifiable statement at (1)
tallyPulseHeightSpectrum.F:203:72:

       use PHSmod
                                                                        1
Error: Unexpected USE statement at (1)
tallyPulseHeightSpectrum.F:204:72:

       use dataTypesMod
                                                                        1
Error: Unexpected USE statement at (1)
tallyPulseHeightSpectrum.F:205:19:

       implicit none
                   1
Error: Duplicate IMPLICIT NONE statement at (1)
tallyPulseHeightSpectrum.F:206:72:

       real*8 mem
                                                                        1
Error: Unexpected data declaration statement at (1)
tallyPulseHeightSpectrum.F:208:72:

       character*(*) secid,eos
                                                                        1
Error: Unexpected data declaration statement at (1)
tallyDiaphragmCorrections.F:273:28:

       if (index(buffer,secid).eq.0) then
                            1
Error: Symbol ‘secid’ at (1) has no IMPLICIT type
tallyDiaphragmCorrections.F:297:55:

      &       'Unable to find End-Of-Section mark: ',eos
                                                       1
Error: Symbol ‘eos’ at (1) has no IMPLICIT type
tallyPulseHeightSpectrum.F:212:72:

       character*80 buffer,upcase
                                                                        1
Error: Unexpected data declaration statement at (1)
tallyPulseHeightSpectrum.F:213:72:

       integer errorcode
                                                                        1
Error: Unexpected data declaration statement at (1)
tallyPulseHeightSpectrum.F:214:17:

       real*8 emax,fwhm2sig2,eps
                 1
Error: Name ‘emax’ at (1) is an ambiguous reference to ‘emax’ from current program unit
tallyPulseHeightSpectrum.F:215:47:

       parameter (fwhm2sig2=1.0/(8.0*log(2.0d0)),eps=1.0d-3)
                                               1
Error: Cannot change attributes of USE-associated symbol fwhm2sig2 at (1)
tallyPulseHeightSpectrum.F:230:38:

       mem = sizeOfReal8*2*real(nbinmax)
                                      1
Error: Name ‘nbinmax’ at (1) is an ambiguous reference to ‘nbinmax’ from module ‘pcsmod’
tallyPulseHeightSpectrum.F:236:6:

       buffer = buffer(1:scan(buffer,' ')) ! Clip at 1st blank
      1
Error: Unclassifiable statement at (1)
tallyPulseHeightSpectrum.F:238:14:

         active = .true.
              1
Error: Name ‘active’ at (1) is an ambiguous reference to ‘active’ from current program unit
tallyPulseHeightSpectrum.F:240:14:

         active = .false.
              1
Error: Name ‘active’ at (1) is an ambiguous reference to ‘active’ from current program unit
tallyPulseHeightSpectrum.F:260:22:

       read(*,*) matdet
                      1
Error: Name ‘matdet’ at (1) is an ambiguous reference to ‘matdet’ from module ‘edpmod’
tallyPulseHeightSpectrum.F:261:28:

       write(*,'(i3)') matdet
                            1
Error: Name ‘matdet’ at (1) is an ambiguous reference to ‘matdet’ from module ‘edpmod’
tallyPulseHeightSpectrum.F:265:20:

       read(*,*) emin,emax,nbin
                    1
Error: Name ‘emin’ at (1) is an ambiguous reference to ‘emin’ from module ‘pcsmod’
tallyPulseHeightSpectrum.F:266:42:

       write(*,'(2(1x,es12.5),1x,i0)') emin,emax,nbin
                                          1
Error: Name ‘emin’ at (1) is an ambiguous reference to ‘emin’ from module ‘pcsmod’
tallyPulseHeightSpectrum.F:267:14:

       if (emax-emin.lt.eps.or.nbin.lt.1) then
              1
Error: Name ‘emax’ at (1) is an ambiguous reference to ‘emax’ from current program unit
tallyPulseHeightSpectrum.F:271:10:

       ebin = (emax-emin)/nbin
          1
Error: Name ‘ebin’ at (1) is an ambiguous reference to ‘ebin’ from module ‘pcsmod’
tallyPulseHeightSpectrum.F:272:11:

       iebin = 1.0/ebin
           1
Error: Name ‘iebin’ at (1) is an ambiguous reference to ‘iebin’ from module ‘pcsmod’
tallyPulseHeightSpectrum.F:274:10:

       nbin = nbin+1
          1
Error: Name ‘nbin’ at (1) is an ambiguous reference to ‘nbin’ from module ‘pcsmod’
tallyPulseHeightSpectrum.F:275:14:

       if (nbin.gt.nbinmax) then
              1
Error: Name ‘nbin’ at (1) is an ambiguous reference to ‘nbin’ from module ‘pcsmod’
tallyPulseHeightSpectrum.F:277:54:

         write(*,'(a,i0)') '  Max no. bins is ',nbinmax-1
                                                      1
Error: Name ‘nbinmax’ at (1) is an ambiguous reference to ‘nbinmax’ from module ‘pcsmod’
tallyPulseHeightSpectrum.F:279:9:

       endif
         1
Error: Expecting END SUBROUTINE statement at (1)
tallyPulseHeightSpectrum.F:282:18:

       read(*,*) a0,a1
                  1
Error: Name ‘a0’ at (1) is an ambiguous reference to ‘a0’ from module ‘pengeomcommonsmod’
tallyPulseHeightSpectrum.F:283:34:

       write(*,'(2(1x,es12.5))') a0,a1
                                  1
Error: Name ‘a0’ at (1) is an ambiguous reference to ‘a0’ from module ‘pengeomcommonsmod’
tallyPulseHeightSpectrum.F:284:16:

       if (min(a0,a1).lt.0.0) then
                1
Error: Name ‘a0’ at (1) is an ambiguous reference to ‘a0’ from module ‘pengeomcommonsmod’
tallyPulseHeightSpectrum.F:287:9:

       endif
         1
Error: Expecting END SUBROUTINE statement at (1)
tallyPulseHeightSpectrum.F:289:16:

       if (max(a0,a1).gt.0.0) isGaussConvo = .true.
                1
Error: Name ‘a0’ at (1) is an ambiguous reference to ‘a0’ from module ‘pengeomcommonsmod’
tallyPulseHeightSpectrum.F:290:8:

       a0 = a0*fwhm2sig2  ! This is in units of sigma^2
        1
Error: Name ‘a0’ at (1) is an ambiguous reference to ‘a0’ from module ‘pengeomcommonsmod’
tallyPulseHeightSpectrum.F:294:24:

       read(*,*) unclimit
                        1
Error: Name ‘unclimit’ at (1) is an ambiguous reference to ‘unclimit’ from module ‘pcsmod’
tallyPulseHeightSpectrum.F:295:37:

       write(*,'(1x,es12.5)') unclimit
                                     1
Error: Name ‘unclimit’ at (1) is an ambiguous reference to ‘unclimit’ from module ‘pcsmod’
tallyPulseHeightSpectrum.F:299:12:

       counts = 0.0
            1
Error: Name ‘counts’ at (1) is an ambiguous reference to ‘counts’ from module ‘pcsmod’
tallyPulseHeightSpectrum.F:300:12:

       count2 = 0.0
            1
Error: Name ‘count2’ at (1) is an ambiguous reference to ‘count2’ from module ‘pcsmod’
tallyDiaphragmCorrections.F:62:21:

       if (.not.active) return
                     1
Error: Symbol ‘active’ at (1) has no IMPLICIT type
tallyParticleTrackStructure.F:66:45:

         write(ptsunit,'(a,i0)') '#  ',int(arg,kind=kindInt8)
                                             1
Error: Symbol ‘arg’ at (1) has no IMPLICIT type
tallyParticleCurrentSpectrum.F:186:14:

         avesig = 0.0
              1
Error: Symbol ‘avesig’ at (1) has no IMPLICIT type
tallyParticleCurrentSpectrum.F:59:11:

         bin = (e-emin)*iebin+1.0
           1
Error: Symbol ‘bin’ at (1) has no IMPLICIT type
tallyDiaphragmCorrections.F:272:25:

       call getline(buffer,0)
                         1
Error: Symbol ‘buffer’ at (1) has no IMPLICIT type
tallyParticleCurrentSpectrum.F:233:45:

         write(out,'(a,es12.5)') '#   ',cputim
                                             1
Error: Symbol ‘cputim’ at (1) has no IMPLICIT type
tallyParticleTrackStructure.F:76:12:

           de = 0.0
            1
Error: Symbol ‘de’ at (1) has no IMPLICIT type
tallyDiaphragmCorrections.F:198:32:

     Kdfactors(1) = numer / denom
                                1
Error: Symbol ‘denom’ at (1) has no IMPLICIT type
tallyPixelImageDetect.F:889:12:

       detbox = abs(scalarx-scalartop)        ! Detector box size = Distance between planes
            1
Error: Symbol ‘detbox’ at (1) has no IMPLICIT type
tallyPhaseSpaceFile.F:80:10:

         dn = int(nhisti-nhlast)           ! Incremental history no.
          1
Error: Symbol ‘dn’ at (1) has no IMPLICIT type
tallyDiaphragmCorrections.F:181:9:

       dtr  = edepdtr(i)*invn
         1
Error: Symbol ‘dtr’ at (1) has no IMPLICIT type
tallyDiaphragmCorrections.F:183:10:

       dtr2 = edepdtr2(i)*invn
          1
Error: Symbol ‘dtr2’ at (1) has no IMPLICIT type
tallyDiaphragmCorrections.F:179:14:

       edepssum = 0.0
              1
Error: Symbol ‘edepssum’ at (1) has no IMPLICIT type
tallyParticleCurrentSpectrum.F:241:11:

         eff = n*uncert**2
           1
Error: Symbol ‘eff’ at (1) has no IMPLICIT type
tallyPixelImageDetect.F:535:16:

      &      einf
                1
Error: Symbol ‘einf’ at (1) has no IMPLICIT type
tallyParticleCurrentSpectrum.F:195:14:

           elow = emin+ebin*(i-1)
              1
Error: Symbol ‘elow’ at (1) has no IMPLICIT type
tallyParticleCurrentSpectrum.F:420:25:

       read(*,*) emin,emax,nbin
                         1
Error: Symbol ‘emax’ at (1) has no IMPLICIT type
tallyParticleCurrentSpectrum.F:196:17:

           emiddle = elow+ebin*0.5
                 1
Error: Symbol ‘emiddle’ at (1) has no IMPLICIT type
tallyDiaphragmCorrections.F:197:9:

     denom = numer + edepdtr(2)
         1
Error: Symbol ‘enom’ at (1) has no IMPLICIT type
tallyDiaphragmCorrections.F:297:55:

      &       'Unable to find End-Of-Section mark: ',eos
                                                       1
Error: Symbol ‘eos’ at (1) has no IMPLICIT type
tallyPixelImageDetect.F:881:54:

       if (abs(dot_product(normx,normtop)-1.0d0).gt.eps) then
                                                      1
Error: Symbol ‘eps’ at (1) has no IMPLICIT type
tallyParticleTrackStructure.F:146:37:

           read(*,'(a80)',iostat=error) buffer
                                     1
Error: Symbol ‘error’ at (1) has no IMPLICIT type
tallyDiaphragmCorrections.F:294:41:

           read(*,'(a80)',iostat=errorcode) buffer
                                         1
Error: Symbol ‘errorcode’ at (1) has no IMPLICIT type
tallyPixelImageDetect.F:342:10:

       fact   = invn*idarea                      ! Factors for E integ and PC modes
          1
Error: Symbol ‘fact’ at (1) has no IMPLICIT type
tallyPixelImageDetect.F:343:11:

       fact2  = invn*idarea**2
           1
Error: Symbol ‘fact2’ at (1) has no IMPLICIT type
tallyPixelImageDetect.F:367:50:

               sigma = sqrt(max((image2(ijk)*fact2E-q**2)*invn,0.0))
                                                  1
Error: Symbol ‘fact2e’ at (1) has no IMPLICIT type
tallyPixelImageDetect.F:366:34:

               q = image(ijk)*factE
                                  1
Error: Symbol ‘facte’ at (1) has no IMPLICIT type
tallyPhaseSpaceFile.F:83:30:

           write(psfunit,fmtstr) kpar,e,x,y,z,u,v,w,wght,dn,
                              1
Error: Symbol ‘fmtstr’ at (1) has no IMPLICIT type
tallyPixelImageDetect.F:341:12:

       idarea = 1.0/(dx*dy)                      ! Inverse pixels area
            1
Error: Symbol ‘idarea’ at (1) has no IMPLICIT type
tallyPixelImageDetect.F:105:10:

         ij = i+(j-1)*nx                       ! Mapping of i,j into a single index
          1
Error: Symbol ‘ij’ at (1) has no IMPLICIT type
tallyPixelImageDetect.F:134:17:

               ijk = ij+(k-1)*ijmax                           ! Map i,j,k into a single index
                 1
Error: Symbol ‘ijk’ at (1) has no IMPLICIT type
tallyPixelImageDetect.F:759:14:

         ijwght = 1                           ! WGHTLAST defined for simplicity, unused for this mode
              1
Error: Symbol ‘ijwght’ at (1) has no IMPLICIT type
tallyPixelImageDetect.F:851:11:

       imodu = sidepoint/sqrt(sum(normx**2))   ! Signed inverse modulus
           1
Error: Symbol ‘imodu’ at (1) has no IMPLICIT type
tallyDiaphragmCorrections.F:181:28:

       dtr  = edepdtr(i)*invn
                            1
Error: Symbol ‘invn’ at (1) has no IMPLICIT type
tallyPixelImageDetect.F:829:11:

       isurf = 0                     ! Init
           1
Error: Symbol ‘isurf’ at (1) has no IMPLICIT type
tallyPixelImageDetect.F:103:9:

         j = ydet*idy+1.0                      ! Pixel index
         1
Error: Symbol ‘j’ at (1) has no IMPLICIT type
tallyParticleCurrentSpectrum.F:69:12:

         do k=1,3
            1
Error: Symbol ‘k’ at (1) has no IMPLICIT type
tallyParticleCurrentSpectrum.F:153:12:

         maxq   = 0.0
            1
Error: Symbol ‘maxq’ at (1) has no IMPLICIT type
tallyParticleCurrentSpectrum.F:384:9:

       mem = sizeOfReal8*4*3*real(nbinmax)
         1
Error: Symbol ‘mem’ at (1) has no IMPLICIT type
tallyParticleCurrentSpectrum.F:188:20:

         invn = 1.0/n
                    1
Error: Symbol ‘n’ at (1) has no IMPLICIT type
tallyParticleCurrentSpectrum.F:187:13:

         nchan  = 0
             1
Error: Symbol ‘nchan’ at (1) has no IMPLICIT type
tallyPixelImageDetect.F:875:13:

       normtop = (/ax(surf),ay(surf),az(surf)/)
             1
Error: Symbol ‘normtop’ at (1) has no IMPLICIT type
tallyPixelImageDetect.F:850:11:

       normx = (/ax(surf),ay(surf),az(surf)/)  ! Surface normal
           1
Error: Symbol ‘normx’ at (1) has no IMPLICIT type
tallyPixelImageDetect.F:938:11:

       normy = (/ax(surf),ay(surf),az(surf)/)
           1
Error: Symbol ‘normy’ at (1) has no IMPLICIT type
tallyDiaphragmCorrections.F:197:17:

     denom = numer + edepdtr(2)
                 1
Error: Symbol ‘numer’ at (1) has no IMPLICIT type
tallyPixelImageDetect.F:905:26:

         if (detbox*oneplus/dx.gt.npixmax) then
                          1
Error: Symbol ‘oneplus’ at (1) has no IMPLICIT type
tallyDiaphragmCorrections.F:164:16:

        close(out)  ! Just in case
                1
Error: Symbol ‘out’ at (1) has no IMPLICIT type
tallyPixelImageDetect.F:897:13:

       pixgrid = nx*dx                         ! Pixels grid size, as defined by user
             1
Error: Symbol ‘pixgrid’ at (1) has no IMPLICIT type
tallyPixelImageDetect.F:555:12:

       pixlen = dx*nx  ! Length of the pixels grid along x
            1
Error: Symbol ‘pixlen’ at (1) has no IMPLICIT type
tallyParticleCurrentSpectrum.F:190:11:

           q = counts(i,kpar)*invn
           1
Error: Symbol ‘q’ at (1) has no IMPLICIT type
tallyParticleCurrentSpectrum.F:191:12:

           q2 = count2(i,kpar)*invn
            1
Error: Symbol ‘q2’ at (1) has no IMPLICIT type
tallyPixelImageDetect.F:95:16:

           rprima = (/x,y,z/)-r0               ! Translation
                1
Error: Symbol ‘rprima’ at (1) has no IMPLICIT type
tallyPixelImageDetect.F:878:15:

       scalartop = a0(surf)*imodu              ! Scalar term, normalized
               1
Error: Symbol ‘scalartop’ at (1) has no IMPLICIT type
tallyPixelImageDetect.F:853:13:

       scalarx = a0(surf)*imodu                ! Scalar term, normalized
             1
Error: Symbol ‘scalarx’ at (1) has no IMPLICIT type
tallyPixelImageDetect.F:941:13:

       scalary = a0(surf)*imodu                ! Scalar term, normalized
             1
Error: Symbol ‘scalary’ at (1) has no IMPLICIT type
tallyDiaphragmCorrections.F:273:28:

       if (index(buffer,secid).eq.0) then
                            1
Error: Symbol ‘secid’ at (1) has no IMPLICIT type
tallyPixelImageDetect.F:831:17:

         sidepoint = 2*kflag(bodydet,i)-3  ! Side pointer -1,+1,+3,etc
                 1
Error: Symbol ‘sidepoint’ at (1) has no IMPLICIT type
tallyParticleCurrentSpectrum.F:192:15:

           sigma = (q2-q**2)*invn
               1
Error: Symbol ‘sigma’ at (1) has no IMPLICIT type
tallyDiaphragmCorrections.F:184:14:

       sigmadtr = (dtr2-dtr**2)*invn
              1
Error: Symbol ‘sigmadtr’ at (1) has no IMPLICIT type
tallyDiaphragmCorrections.F:186:28:

       if (i.eq.1) sigmaeprim = sigmadtr !stores uncertainty for Eprim separately
                            1
Error: Symbol ‘sigmaeprim’ at (1) has no IMPLICIT type
tallyPixelImageDetect.F:841:10:

       surf = ksurf(bodydet,isurf)   ! Surface number
          1
Error: Symbol ‘surf’ at (1) has no IMPLICIT type
tallyPixelImageDetect.F:825:13:

       surfmax = ksurf(bodydet,nxg)    ! Num. surfaces limiting this body
             1
Error: Symbol ‘surfmax’ at (1) has no IMPLICIT type
tallyParticleCurrentSpectrum.F:71:18:

           totcount = 0.0
                  1
Error: Symbol ‘totcount’ at (1) has no IMPLICIT type
tallyParticleCurrentSpectrum.F:65:15:

         totedep = 0.0
               1
Error: Symbol ‘totedep’ at (1) has no IMPLICIT type
tallyDiaphragmCorrections.F:196:9:

     numer = edepdtr(1)
         1
Error: Symbol ‘umer’ at (1) has no IMPLICIT type
tallyParticleCurrentSpectrum.F:113:13:

       uncdone = 1
             1
Error: Symbol ‘uncdone’ at (1) has no IMPLICIT type
tallyParticleCurrentSpectrum.F:208:16:

           uncert = 200.0*sqrt(avesig/nchan)
                1
Error: Symbol ‘uncert’ at (1) has no IMPLICIT type
tallyPixelImageDetect.F:92:14:

           xdet = x-r0(1)                      ! Position vector w.r.t. pixels origin, only x&y coords are needed
              1
Error: Symbol ‘xdet’ at (1) has no IMPLICIT type
tallyPixelImageDetect.F:355:19:

             xmiddle = x+dx*0.5
                   1
Error: Symbol ‘xmiddle’ at (1) has no IMPLICIT type
tallyPixelImageDetect.F:93:14:

           ydet = y-r0(2)
              1
Error: Symbol ‘ydet’ at (1) has no IMPLICIT type
tallyPixelImageDetect.F:350:17:

           ymiddle = y+dy*0.5
                 1
Error: Symbol ‘ymiddle’ at (1) has no IMPLICIT type
tallyDiaphragmCorrections.F:198:5:

     Kdfactors(1) = numer / denom
     1
Error: Function ‘dfactors’ at (1) has no IMPLICIT type
tallyDiaphragmCorrections.F:201:5:

     Kdfactors(2) = numer / denom
     1
Error: Function ‘dfactors’ at (1) has no IMPLICIT type
tallyDiaphragmCorrections.F:204:5:

     Kdfactors(3) = numer / denom
     1
Error: Function ‘dfactors’ at (1) has no IMPLICIT type
tallyDiaphragmCorrections.F:207:5:

     Kdfactors(4) = numer / denom
     1
Error: Function ‘dfactors’ at (1) has no IMPLICIT type
tallyDiaphragmCorrections.F:210:5:

     Kdfactors(5) = numer / denom
     1
Error: Function ‘dfactors’ at (1) has no IMPLICIT type
tallyDiaphragmCorrections.F:211:5:

     Kdfactors(6) = edepdtr(1) / edep(matdet)
     1
Error: Function ‘dfactors’ at (1) has no IMPLICIT type
tallyDiaphragmCorrections.F:211:36:

     Kdfactors(6) = edepdtr(1) / edep(matdet)
                                    1
Error: Function ‘edep’ at (1) has no IMPLICIT type
tallyParticleCurrentSpectrum.F:138:20:

         out = finduf()
                    1
Error: Return type mismatch of function ‘finduf’ at (1) (UNKNOWN/INTEGER(4))
tallyParticleCurrentSpectrum.F:138:14:

         out = finduf()
              1
Error: Function ‘finduf’ at (1) has no IMPLICIT type
tallyParticleCurrentSpectrum.F:138:20:

         out = finduf()
                    1
Error: Return type mismatch of function ‘finduf’ at (1) (UNKNOWN/INTEGER(4))
tallyParticleCurrentSpectrum.F:259:12:

       out = finduf()
            1
Error: Function ‘finduf’ at (1) has no IMPLICIT type
tallyParticleCurrentSpectrum.F:138:20:

         out = finduf()
                    1
Error: Return type mismatch of function ‘finduf’ at (1) (UNKNOWN/INTEGER(4))
tallyParticleTrackStructure.F:162:16:

       ptsunit = finduf()
                1
Error: Function ‘finduf’ at (1) has no IMPLICIT type
tallyParticleCurrentSpectrum.F:138:20:

         out = finduf()
                    1
Error: Return type mismatch of function ‘finduf’ at (1) (UNKNOWN/INTEGER(4))
tallyPhaseSpaceFile.F:159:12:

       out = finduf()
            1
Error: Function ‘finduf’ at (1) has no IMPLICIT type
tallyParticleCurrentSpectrum.F:138:20:

         out = finduf()
                    1
Error: Return type mismatch of function ‘finduf’ at (1) (UNKNOWN/INTEGER(4))
tallyPhaseSpaceFile.F:330:18:

         psfunit = finduf()
                  1
Error: Function ‘finduf’ at (1) has no IMPLICIT type
tallyParticleCurrentSpectrum.F:138:20:

         out = finduf()
                    1
Error: Return type mismatch of function ‘finduf’ at (1) (UNKNOWN/INTEGER(4))
tallyPixelImageDetect.F:227:12:

       out = finduf()
            1
Error: Function ‘finduf’ at (1) has no IMPLICIT type
tallyParticleCurrentSpectrum.F:138:20:

         out = finduf()
                    1
Error: Return type mismatch of function ‘finduf’ at (1) (UNKNOWN/INTEGER(4))
tallyPulseHeightSpectrum.F:101:12:

       out = finduf()
            1
Error: Function ‘finduf’ at (1) has no IMPLICIT type
